{
  "uid" : "5f38e810d4425294",
  "name" : "--测试用例标题title03--",
  "fullName" : "test_scripts.test_allure01.Test_t01#test_03",
  "historyId" : "8a92b72769de0ac1671d2c0b29024b57",
  "time" : {
    "start" : 1605057817358,
    "stop" : 1605057817360,
    "duration" : 2
  },
  "description" : "测试用例描述test03",
  "descriptionHtml" : "<p>测试用例描述test03</p>\n",
  "status" : "failed",
  "statusMessage" : "AssertionError: assert False",
  "statusTrace" : "self = <test_scripts.test_allure01.Test_t01 object at 0x00000000024A8FC8>\n\n    @allure.story('--测试用例功能划分02--')\n    @allure.title(\"--测试用例标题title03--\")\n    @allure.description(\"测试用例描述test03\")\n    @allure.step('--步骤step03---')\n    @allure.severity(allure.severity_level.NORMAL)\n    def test_03(self):\n>       assert False\nE       assert False\n\ntest_scripts\\test_allure01.py:35: AssertionError",
  "flaky" : false,
  "beforeStages" : [ {
    "name" : "_Class__pytest_setup_class",
    "time" : {
      "start" : 1605057817065,
      "stop" : 1605057817065,
      "duration" : 0
    },
    "status" : "passed",
    "steps" : [ ],
    "attachments" : [ ],
    "parameters" : [ ],
    "stepsCount" : 0,
    "hasContent" : false,
    "attachmentsCount" : 0,
    "shouldDisplayMessage" : false
  } ],
  "testStage" : {
    "description" : "测试用例描述test03",
    "status" : "failed",
    "statusMessage" : "AssertionError: assert False",
    "statusTrace" : "self = <test_scripts.test_allure01.Test_t01 object at 0x00000000024A8FC8>\n\n    @allure.story('--测试用例功能划分02--')\n    @allure.title(\"--测试用例标题title03--\")\n    @allure.description(\"测试用例描述test03\")\n    @allure.step('--步骤step03---')\n    @allure.severity(allure.severity_level.NORMAL)\n    def test_03(self):\n>       assert False\nE       assert False\n\ntest_scripts\\test_allure01.py:35: AssertionError",
    "steps" : [ {
      "name" : "--步骤step03---",
      "time" : {
        "start" : 1605057817359,
        "stop" : 1605057817359,
        "duration" : 0
      },
      "status" : "failed",
      "statusMessage" : "AssertionError: assert False\n",
      "statusTrace" : "  File \"C:\\python37\\lib\\site-packages\\allure_commons\\_allure.py\", line 157, in impl\n    return func(*a, **kw)\n  File \"E:\\AppProject\\test_scripts\\test_allure01.py\", line 35, in test_03\n    assert False\n",
      "steps" : [ ],
      "attachments" : [ ],
      "parameters" : [ ],
      "stepsCount" : 0,
      "hasContent" : true,
      "attachmentsCount" : 0,
      "shouldDisplayMessage" : true
    } ],
    "attachments" : [ ],
    "parameters" : [ ],
    "stepsCount" : 1,
    "hasContent" : true,
    "attachmentsCount" : 0,
    "shouldDisplayMessage" : true
  },
  "afterStages" : [ {
    "name" : "_Class__pytest_setup_class::0",
    "time" : {
      "start" : 1605057817390,
      "stop" : 1605057817390,
      "duration" : 0
    },
    "status" : "passed",
    "steps" : [ ],
    "attachments" : [ ],
    "parameters" : [ ],
    "stepsCount" : 0,
    "hasContent" : false,
    "attachmentsCount" : 0,
    "shouldDisplayMessage" : false
  } ],
  "labels" : [ {
    "name" : "severity",
    "value" : "normal"
  }, {
    "name" : "story",
    "value" : "--测试用例功能划分02--"
  }, {
    "name" : "feature",
    "value" : "测试类Test_t01功能说明---"
  }, {
    "name" : "parentSuite",
    "value" : "test_scripts"
  }, {
    "name" : "suite",
    "value" : "test_allure01"
  }, {
    "name" : "subSuite",
    "value" : "Test_t01"
  }, {
    "name" : "host",
    "value" : "SKY-20200623IHT"
  }, {
    "name" : "thread",
    "value" : "8580-MainThread"
  }, {
    "name" : "framework",
    "value" : "pytest"
  }, {
    "name" : "language",
    "value" : "cpython3"
  }, {
    "name" : "package",
    "value" : "test_scripts.test_allure01"
  }, {
    "name" : "resultFormat",
    "value" : "allure2"
  } ],
  "parameters" : [ ],
  "links" : [ ],
  "hidden" : true,
  "retry" : true,
  "extra" : {
    "categories" : [ ],
    "tags" : [ ]
  },
  "source" : "5f38e810d4425294.json",
  "parameterValues" : [ ]
}