{"name": "--测试用例标题title03--", "status": "failed", "statusDetails": {"message": "AssertionError: assert False", "trace": "self = <test_scripts.test_allure01.Test_t01 object at 0x0000000002495088>\n\n    @allure.story('--测试用例功能划分02--')\n    @allure.title(\"--测试用例标题title03--\")\n    @allure.description(\"测试用例描述test03\")\n    @allure.step('--步骤step03---')\n    @allure.severity(allure.severity_level.NORMAL)\n    def test_03(self):\n>       assert False\nE       assert False\n\ntest_scripts\\test_allure01.py:35: AssertionError"}, "description": "测试用例描述test03", "steps": [{"name": "--步骤step03---", "status": "failed", "statusDetails": {"message": "AssertionError: assert False\n", "trace": "  File \"C:\\python37\\lib\\site-packages\\allure_commons\\_allure.py\", line 157, in impl\n    return func(*a, **kw)\n  File \"E:\\AppProject\\test_scripts\\test_allure01.py\", line 35, in test_03\n    assert False\n"}, "start": 1605061502666, "stop": 1605061502666}], "start": 1605061502666, "stop": 1605061502667, "uuid": "7009f86b-e1d4-403b-96ee-b6b6aeacbca7", "historyId": "8a92b72769de0ac1671d2c0b29024b57", "testCaseId": "e4a5b7fffb6edd284a8bcab96b841bb8", "fullName": "test_scripts.test_allure01.Test_t01#test_03", "labels": [{"name": "severity", "value": "normal"}, {"name": "story", "value": "--测试用例功能划分02--"}, {"name": "feature", "value": "测试类Test_t01功能说明---"}, {"name": "parentSuite", "value": "test_scripts"}, {"name": "suite", "value": "test_allure01"}, {"name": "subSuite", "value": "Test_t01"}, {"name": "host", "value": "SKY-20200623IHT"}, {"name": "thread", "value": "10204-MainThread"}, {"name": "framework", "value": "pytest"}, {"name": "language", "value": "cpython3"}, {"name": "package", "value": "test_scripts.test_allure01"}]}